execve("./capture", ["./capture"], [/* 25 vars */]) = 0
mprotect(0x7f9a24b000, 4096, PROT_READ) = 0
set_tid_address(0x7f9a24e028)           = 3975
mmap(NULL, 20480, PROT_READ|PROT_WRITE, MAP_PRIVATE|MAP_ANONYMOUS, -1, 0) = 0x7f9a244000
mprotect(0x7f9a244000, 4096, PROT_NONE) = 0
sigaltstack({ss_sp=0x7f9a245000, ss_flags=0, ss_size=16384}, NULL) = 0
prctl(PR_SET_VMA, PR_SET_VMA_ANON_NAME, 0x7f9a245000, 16384, "thread signal stack") = 0
mmap(NULL, 4096, PROT_READ|PROT_WRITE, MAP_PRIVATE|MAP_ANONYMOUS, -1, 0) = 0x7f9a243000
mprotect(0x7f9a243000, 4096, PROT_READ) = 0
mprotect(0x7f9a243000, 4096, PROT_READ|PROT_WRITE) = 0
mprotect(0x7f9a243000, 4096, PROT_READ) = 0
mprotect(0x7f9a243000, 4096, PROT_READ|PROT_WRITE) = 0
mprotect(0x7f9a243000, 4096, PROT_READ) = 0
mprotect(0x7f9a243000, 4096, PROT_READ|PROT_WRITE) = 0
mprotect(0x7f9a243000, 4096, PROT_READ) = 0
mprotect(0x7f9a243000, 4096, PROT_READ|PROT_WRITE) = 0
mprotect(0x7f9a243000, 4096, PROT_READ) = 0
mprotect(0x7f9a243000, 4096, PROT_READ|PROT_WRITE) = 0
mprotect(0x7f9a243000, 4096, PROT_READ) = 0
mprotect(0x7f9a243000, 4096, PROT_READ|PROT_WRITE) = 0
mprotect(0x7f9a243000, 4096, PROT_READ) = 0
openat(AT_FDCWD, "/dev/__properties__", O_RDONLY|O_NOFOLLOW|O_CLOEXEC) = 3
fstat(3, {st_mode=S_IFREG|0444, st_size=131072, ...}) = 0
mmap(NULL, 131072, PROT_READ, MAP_SHARED, 3, 0) = 0x7f9a1e7000
close(3)                                = 0
rt_sigaction(SIGABRT, {0x7f9a209b64, [], SA_RESTART|SA_SIGINFO|SA_ONSTACK}, NULL, 8) = 0
rt_sigaction(SIGBUS, {0x7f9a209b64, [], SA_RESTART|SA_SIGINFO|SA_ONSTACK}, NULL, 8) = 0
rt_sigaction(SIGFPE, {0x7f9a209b64, [], SA_RESTART|SA_SIGINFO|SA_ONSTACK}, NULL, 8) = 0
rt_sigaction(SIGILL, {0x7f9a209b64, [], SA_RESTART|SA_SIGINFO|SA_ONSTACK}, NULL, 8) = 0
rt_sigaction(SIGPIPE, {0x7f9a209b64, [], SA_RESTART|SA_SIGINFO|SA_ONSTACK}, NULL, 8) = 0
rt_sigaction(SIGSEGV, {0x7f9a209b64, [], SA_RESTART|SA_SIGINFO|SA_ONSTACK}, NULL, 8) = 0
rt_sigaction(SIGSTKFLT, {0x7f9a209b64, [], SA_RESTART|SA_SIGINFO|SA_ONSTACK}, NULL, 8) = 0
rt_sigaction(SIGTRAP, {0x7f9a209b64, [], SA_RESTART|SA_SIGINFO|SA_ONSTACK}, NULL, 8) = 0
mmap(NULL, 4096, PROT_READ|PROT_WRITE, MAP_PRIVATE|MAP_ANONYMOUS, 0, 0) = 0x7f9a242000
prctl(PR_SET_VMA, PR_SET_VMA_ANON_NAME, 0x7f9a242000, 4096, "linker_alloc") = 0
mmap(NULL, 4096, PROT_READ|PROT_WRITE, MAP_PRIVATE|MAP_ANONYMOUS, 0, 0) = 0x7f9a241000
prctl(PR_SET_VMA, PR_SET_VMA_ANON_NAME, 0x7f9a241000, 4096, "linker_alloc_64") = 0
mmap(NULL, 24, PROT_READ|PROT_WRITE, MAP_PRIVATE|MAP_ANONYMOUS, 0, 0) = 0x7f9a240000
prctl(PR_SET_VMA, PR_SET_VMA_ANON_NAME, 0x7f9a240000, 24, "linker_alloc_vector") = 0
mmap(NULL, 4096, PROT_READ|PROT_WRITE, MAP_PRIVATE|MAP_ANONYMOUS, 0, 0) = 0x7f9a23f000
prctl(PR_SET_VMA, PR_SET_VMA_ANON_NAME, 0x7f9a23f000, 4096, "linker_alloc_32") = 0
mmap(NULL, 24, PROT_READ|PROT_WRITE, MAP_PRIVATE|MAP_ANONYMOUS, 0, 0) = 0x7f9a23e000
prctl(PR_SET_VMA, PR_SET_VMA_ANON_NAME, 0x7f9a23e000, 24, "linker_alloc_vector") = 0
mmap(NULL, 4096, PROT_READ|PROT_WRITE, MAP_PRIVATE|MAP_ANONYMOUS, 0, 0) = 0x7f9a23d000
prctl(PR_SET_VMA, PR_SET_VMA_ANON_NAME, 0x7f9a23d000, 4096, "linker_alloc") = 0
mmap(NULL, 4096, PROT_READ|PROT_WRITE, MAP_PRIVATE|MAP_ANONYMOUS, 0, 0) = 0x7f9a23c000
prctl(PR_SET_VMA, PR_SET_VMA_ANON_NAME, 0x7f9a23c000, 4096, "linker_alloc") = 0
openat(AT_FDCWD, "/data/data/com.termux/files/usr/lib/libc++.so", O_RDONLY|O_CLOEXEC) = -1 ENOENT (No such file or directory)
openat(AT_FDCWD, "/vendor/lib64/libc++.so", O_RDONLY|O_CLOEXEC) = -1 ENOENT (No such file or directory)
openat(AT_FDCWD, "/system/lib64/libc++.so", O_RDONLY|O_CLOEXEC) = 3
fstat(3, {st_mode=S_IFREG|0644, st_size=944152, ...}) = 0
mmap(NULL, 8192, PROT_READ|PROT_WRITE, MAP_PRIVATE|MAP_ANONYMOUS, 0, 0) = 0x7f9a1e5000
prctl(PR_SET_VMA, PR_SET_VMA_ANON_NAME, 0x7f9a1e5000, 8192, "linker_alloc_lob") = 0
mmap(NULL, 8192, PROT_READ|PROT_WRITE, MAP_PRIVATE|MAP_ANONYMOUS, 0, 0) = 0x7f9a1e3000
prctl(PR_SET_VMA, PR_SET_VMA_ANON_NAME, 0x7f9a1e3000, 8192, "linker_alloc_lob") = 0
futex(0x7f9a25083c, FUTEX_WAKE_PRIVATE, 2147483647) = 0
prctl(PR_GET_DUMPABLE)                  = 1
prctl(PR_SET_DUMPABLE, 1)               = 0
readlinkat(AT_FDCWD, "/proc/self/fd/3", "/system/lib64/libc++.so", 4096) = 23
prctl(PR_SET_DUMPABLE, 1)               = 0
munmap(0x7f9a1e3000, 8192)              = 0
munmap(0x7f9a1e5000, 8192)              = 0
pread64(3, "\177ELF\2\1\1\0\0\0\0\0\0\0\0\0\3\0\267\0\1\0\0\0\20\341\3\0\0\0\0\0"..., 64, 0) = 64
mmap(NULL, 4096, PROT_READ, MAP_PRIVATE, 3, 0) = 0x7f9a23b000
mmap(NULL, 987136, PROT_NONE, MAP_PRIVATE|MAP_ANONYMOUS, -1, 0) = 0x7f9a0f6000
mmap(0x7f9a0f6000, 877868, PROT_READ|PROT_EXEC, MAP_PRIVATE|MAP_FIXED, 3, 0) = 0x7f9a0f6000
mmap(0x7f9a1dc000, 28728, PROT_READ|PROT_WRITE, MAP_PRIVATE|MAP_FIXED, 3, 0xdf000) = 0x7f9a1dc000
mmap(0x7f9a1e4000, 12288, PROT_READ|PROT_WRITE, MAP_PRIVATE|MAP_FIXED|MAP_ANONYMOUS, -1, 0) = 0x7f9a1e4000
munmap(0x7f9a23b000, 4096)              = 0
close(3)                                = 0
openat(AT_FDCWD, "/data/data/com.termux/files/usr/lib/liblog.so", O_RDONLY|O_CLOEXEC) = -1 ENOENT (No such file or directory)
openat(AT_FDCWD, "/vendor/lib64/liblog.so", O_RDONLY|O_CLOEXEC) = -1 ENOENT (No such file or directory)
openat(AT_FDCWD, "/system/lib64/liblog.so", O_RDONLY|O_CLOEXEC) = 3
fstat(3, {st_mode=S_IFREG|0644, st_size=42896, ...}) = 0
mmap(NULL, 8192, PROT_READ|PROT_WRITE, MAP_PRIVATE|MAP_ANONYMOUS, 0, 0) = 0x7f9a0f4000
prctl(PR_SET_VMA, PR_SET_VMA_ANON_NAME, 0x7f9a0f4000, 8192, "linker_alloc_lob") = 0
mmap(NULL, 8192, PROT_READ|PROT_WRITE, MAP_PRIVATE|MAP_ANONYMOUS, 0, 0) = 0x7f9a0f2000
prctl(PR_SET_VMA, PR_SET_VMA_ANON_NAME, 0x7f9a0f2000, 8192, "linker_alloc_lob") = 0
prctl(PR_GET_DUMPABLE)                  = 1
prctl(PR_SET_DUMPABLE, 1)               = 0
readlinkat(AT_FDCWD, "/proc/self/fd/3", "/system/lib64/liblog.so", 4096) = 23
prctl(PR_SET_DUMPABLE, 1)               = 0
munmap(0x7f9a0f2000, 8192)              = 0
munmap(0x7f9a0f4000, 8192)              = 0
pread64(3, "\177ELF\2\1\1\0\0\0\0\0\0\0\0\0\3\0\267\0\1\0\0\0\360(\0\0\0\0\0\0"..., 64, 0) = 64
mmap(NULL, 4096, PROT_READ, MAP_PRIVATE, 3, 0) = 0x7f9a23b000
mmap(NULL, 110592, PROT_NONE, MAP_PRIVATE|MAP_ANONYMOUS, -1, 0) = 0x7f9a0db000
mmap(0x7f9a0db000, 35704, PROT_READ|PROT_EXEC, MAP_PRIVATE|MAP_FIXED, 3, 0) = 0x7f9a0db000
mmap(0x7f9a0f4000, 4196, PROT_READ|PROT_WRITE, MAP_PRIVATE|MAP_FIXED, 3, 0x9000) = 0x7f9a0f4000
munmap(0x7f9a23b000, 4096)              = 0
close(3)                                = 0
openat(AT_FDCWD, "/data/data/com.termux/files/usr/lib/libm.so", O_RDONLY|O_CLOEXEC) = -1 ENOENT (No such file or directory)
openat(AT_FDCWD, "/vendor/lib64/libm.so", O_RDONLY|O_CLOEXEC) = -1 ENOENT (No such file or directory)
openat(AT_FDCWD, "/system/lib64/libm.so", O_RDONLY|O_CLOEXEC) = 3
fstat(3, {st_mode=S_IFREG|0644, st_size=235696, ...}) = 0
mmap(NULL, 8192, PROT_READ|PROT_WRITE, MAP_PRIVATE|MAP_ANONYMOUS, 0, 0) = 0x7f9a0d9000
prctl(PR_SET_VMA, PR_SET_VMA_ANON_NAME, 0x7f9a0d9000, 8192, "linker_alloc_lob") = 0
mmap(NULL, 8192, PROT_READ|PROT_WRITE, MAP_PRIVATE|MAP_ANONYMOUS, 0, 0) = 0x7f9a0d7000
prctl(PR_SET_VMA, PR_SET_VMA_ANON_NAME, 0x7f9a0d7000, 8192, "linker_alloc_lob") = 0
prctl(PR_GET_DUMPABLE)                  = 1
prctl(PR_SET_DUMPABLE, 1)               = 0
readlinkat(AT_FDCWD, "/proc/self/fd/3", "/system/lib64/libm.so", 4096) = 21
prctl(PR_SET_DUMPABLE, 1)               = 0
munmap(0x7f9a0d7000, 8192)              = 0
munmap(0x7f9a0d9000, 8192)              = 0
pread64(3, "\177ELF\2\1\1\0\0\0\0\0\0\0\0\0\3\0\267\0\1\0\0\0\240A\0\0\0\0\0\0"..., 64, 0) = 64
mmap(NULL, 4096, PROT_READ, MAP_PRIVATE, 3, 0) = 0x7f9a23b000
mmap(NULL, 303104, PROT_NONE, MAP_PRIVATE|MAP_ANONYMOUS, -1, 0) = 0x7f9a091000
mmap(0x7f9a091000, 230848, PROT_READ|PROT_EXEC, MAP_PRIVATE|MAP_FIXED, 3, 0) = 0x7f9a091000
mmap(0x7f9a0d9000, 4488, PROT_READ|PROT_WRITE, MAP_PRIVATE|MAP_FIXED, 3, 0x38000) = 0x7f9a0d9000
munmap(0x7f9a23b000, 4096)              = 0
close(3)                                = 0
openat(AT_FDCWD, "/data/data/com.termux/files/usr/lib/libgnustl_shared.so", O_RDONLY|O_CLOEXEC) = 3
fstat(3, {st_mode=S_IFREG|0644, st_size=1096016, ...}) = 0
mmap(NULL, 8192, PROT_READ|PROT_WRITE, MAP_PRIVATE|MAP_ANONYMOUS, 0, 0) = 0x7f9a08f000
prctl(PR_SET_VMA, PR_SET_VMA_ANON_NAME, 0x7f9a08f000, 8192, "linker_alloc_lob") = 0
mmap(NULL, 8192, PROT_READ|PROT_WRITE, MAP_PRIVATE|MAP_ANONYMOUS, 0, 0) = 0x7f9a08d000
prctl(PR_SET_VMA, PR_SET_VMA_ANON_NAME, 0x7f9a08d000, 8192, "linker_alloc_lob") = 0
prctl(PR_GET_DUMPABLE)                  = 1
prctl(PR_SET_DUMPABLE, 1)               = 0
readlinkat(AT_FDCWD, "/proc/self/fd/3", "/system/comma/usr/lib/libgnustl_"..., 4096) = 41
prctl(PR_SET_DUMPABLE, 1)               = 0
munmap(0x7f9a08d000, 8192)              = 0
munmap(0x7f9a08f000, 8192)              = 0
pread64(3, "\177ELF\2\1\1\0\0\0\0\0\0\0\0\0\3\0\267\0\1\0\0\0\320\275\5\0\0\0\0\0"..., 64, 0) = 64
mmap(NULL, 4096, PROT_READ, MAP_PRIVATE, 3, 0) = 0x7f9a23b000
mmap(NULL, 1245184, PROT_NONE, MAP_PRIVATE|MAP_ANONYMOUS, -1, 0) = 0x7f99f61000
mmap(0x7f99f61000, 1063732, PROT_READ|PROT_EXEC, MAP_PRIVATE|MAP_FIXED, 3, 0) = 0x7f99f61000
mmap(0x7f9a075000, 29456, PROT_READ|PROT_WRITE, MAP_PRIVATE|MAP_FIXED, 3, 0x104000) = 0x7f9a075000
mmap(0x7f9a07d000, 81920, PROT_READ|PROT_WRITE, MAP_PRIVATE|MAP_FIXED|MAP_ANONYMOUS, -1, 0) = 0x7f9a07d000
munmap(0x7f9a23b000, 4096)              = 0
close(3)                                = 0
openat(AT_FDCWD, "/data/data/com.termux/files/usr/lib/libcutils.so", O_RDONLY|O_CLOEXEC) = -1 ENOENT (No such file or directory)
openat(AT_FDCWD, "/vendor/lib64/libcutils.so", O_RDONLY|O_CLOEXEC) = -1 ENOENT (No such file or directory)
openat(AT_FDCWD, "/system/lib64/libcutils.so", O_RDONLY|O_CLOEXEC) = 3
fstat(3, {st_mode=S_IFREG|0644, st_size=100320, ...}) = 0
mmap(NULL, 8192, PROT_READ|PROT_WRITE, MAP_PRIVATE|MAP_ANONYMOUS, 0, 0) = 0x7f99f5f000
prctl(PR_SET_VMA, PR_SET_VMA_ANON_NAME, 0x7f99f5f000, 8192, "linker_alloc_lob") = 0
mmap(NULL, 8192, PROT_READ|PROT_WRITE, MAP_PRIVATE|MAP_ANONYMOUS, 0, 0) = 0x7f99f5d000
prctl(PR_SET_VMA, PR_SET_VMA_ANON_NAME, 0x7f99f5d000, 8192, "linker_alloc_lob") = 0
prctl(PR_GET_DUMPABLE)                  = 1
prctl(PR_SET_DUMPABLE, 1)               = 0
readlinkat(AT_FDCWD, "/proc/self/fd/3", "/system/lib64/libcutils.so", 4096) = 26
prctl(PR_SET_DUMPABLE, 1)               = 0
munmap(0x7f99f5d000, 8192)              = 0
munmap(0x7f99f5f000, 8192)              = 0
pread64(3, "\177ELF\2\1\1\0\0\0\0\0\0\0\0\0\3\0\267\0\1\0\0\0\300b\0\0\0\0\0\0"..., 64, 0) = 64
mmap(NULL, 4096, PROT_READ, MAP_PRIVATE, 3, 0) = 0x7f9a23b000
mmap(NULL, 167936, PROT_NONE, MAP_PRIVATE|MAP_ANONYMOUS, -1, 0) = 0x7f99f38000
mmap(0x7f99f38000, 91088, PROT_READ|PROT_EXEC, MAP_PRIVATE|MAP_FIXED, 3, 0) = 0x7f99f38000
mmap(0x7f99f5e000, 8364, PROT_READ|PROT_WRITE, MAP_PRIVATE|MAP_FIXED, 3, 0x16000) = 0x7f99f5e000
munmap(0x7f9a23b000, 4096)              = 0
close(3)                                = 0
openat(AT_FDCWD, "/data/data/com.termux/files/usr/lib/libz.so.1", O_RDONLY|O_CLOEXEC) = 3
fstat(3, {st_mode=S_IFREG|0755, st_size=100240, ...}) = 0
mmap(NULL, 8192, PROT_READ|PROT_WRITE, MAP_PRIVATE|MAP_ANONYMOUS, 0, 0) = 0x7f99f36000
prctl(PR_SET_VMA, PR_SET_VMA_ANON_NAME, 0x7f99f36000, 8192, "linker_alloc_lob") = 0
mmap(NULL, 8192, PROT_READ|PROT_WRITE, MAP_PRIVATE|MAP_ANONYMOUS, 0, 0) = 0x7f99f34000
prctl(PR_SET_VMA, PR_SET_VMA_ANON_NAME, 0x7f99f34000, 8192, "linker_alloc_lob") = 0
prctl(PR_GET_DUMPABLE)                  = 1
prctl(PR_SET_DUMPABLE, 1)               = 0
readlinkat(AT_FDCWD, "/proc/self/fd/3", "/system/comma/usr/lib/libz.so.1."..., 4096) = 35
prctl(PR_SET_DUMPABLE, 1)               = 0
munmap(0x7f99f34000, 8192)              = 0
munmap(0x7f99f36000, 8192)              = 0
pread64(3, "\177ELF\2\1\1\0\0\0\0\0\0\0\0\0\3\0\267\0\1\0\0\0\200\33\0\0\0\0\0\0"..., 64, 0) = 64
mmap(NULL, 4096, PROT_READ, MAP_PRIVATE, 3, 0) = 0x7f9a23b000
mmap(NULL, 159744, PROT_NONE, MAP_PRIVATE|MAP_ANONYMOUS, -1, 0) = 0x7f99f11000
mmap(0x7f99f11000, 87864, PROT_READ|PROT_EXEC, MAP_PRIVATE|MAP_FIXED, 3, 0) = 0x7f99f11000
mmap(0x7f99f36000, 4200, PROT_READ|PROT_WRITE, MAP_PRIVATE|MAP_FIXED, 3, 0x15000) = 0x7f99f36000
munmap(0x7f9a23b000, 4096)              = 0
close(3)                                = 0
openat(AT_FDCWD, "/data/data/com.termux/files/usr/lib/libpng16.so", O_RDONLY|O_CLOEXEC) = 3
fstat(3, {st_mode=S_IFREG|0755, st_size=152968, ...}) = 0
mmap(NULL, 8192, PROT_READ|PROT_WRITE, MAP_PRIVATE|MAP_ANONYMOUS, 0, 0) = 0x7f99f0f000
prctl(PR_SET_VMA, PR_SET_VMA_ANON_NAME, 0x7f99f0f000, 8192, "linker_alloc_lob") = 0
mmap(NULL, 8192, PROT_READ|PROT_WRITE, MAP_PRIVATE|MAP_ANONYMOUS, 0, 0) = 0x7f99f0d000
prctl(PR_SET_VMA, PR_SET_VMA_ANON_NAME, 0x7f99f0d000, 8192, "linker_alloc_lob") = 0
prctl(PR_GET_DUMPABLE)                  = 1
prctl(PR_SET_DUMPABLE, 1)               = 0
readlinkat(AT_FDCWD, "/proc/self/fd/3", "/system/comma/usr/lib/libpng16.s"..., 4096) = 33
prctl(PR_SET_DUMPABLE, 1)               = 0
munmap(0x7f99f0d000, 8192)              = 0
munmap(0x7f99f0f000, 8192)              = 0
pread64(3, "\177ELF\2\1\1\0\0\0\0\0\0\0\0\0\3\0\267\0\1\0\0\0pC\0\0\0\0\0\0"..., 64, 0) = 64
mmap(NULL, 4096, PROT_READ, MAP_PRIVATE, 3, 0) = 0x7f9a23b000
mmap(NULL, 221184, PROT_NONE, MAP_PRIVATE|MAP_ANONYMOUS, -1, 0) = 0x7f99edb000
mmap(0x7f99edb000, 146968, PROT_READ|PROT_EXEC, MAP_PRIVATE|MAP_FIXED, 3, 0) = 0x7f99edb000
mmap(0x7f99f0f000, 4104, PROT_READ|PROT_WRITE, MAP_PRIVATE|MAP_FIXED, 3, 0x24000) = 0x7f99f0f000
munmap(0x7f9a23b000, 4096)              = 0
close(3)                                = 0
openat(AT_FDCWD, "/data/data/com.termux/files/usr/lib/libjpeg.so", O_RDONLY|O_CLOEXEC) = 3
fstat(3, {st_mode=S_IFREG|0755, st_size=197952, ...}) = 0
mmap(NULL, 8192, PROT_READ|PROT_WRITE, MAP_PRIVATE|MAP_ANONYMOUS, 0, 0) = 0x7f99ed9000
prctl(PR_SET_VMA, PR_SET_VMA_ANON_NAME, 0x7f99ed9000, 8192, "linker_alloc_lob") = 0
mmap(NULL, 8192, PROT_READ|PROT_WRITE, MAP_PRIVATE|MAP_ANONYMOUS, 0, 0) = 0x7f99ed7000
prctl(PR_SET_VMA, PR_SET_VMA_ANON_NAME, 0x7f99ed7000, 8192, "linker_alloc_lob") = 0
prctl(PR_GET_DUMPABLE)                  = 1
prctl(PR_SET_DUMPABLE, 1)               = 0
readlinkat(AT_FDCWD, "/proc/self/fd/3", "/system/comma/usr/lib/libjpeg.so", 4096) = 32
prctl(PR_SET_DUMPABLE, 1)               = 0
munmap(0x7f99ed7000, 8192)              = 0
munmap(0x7f99ed9000, 8192)              = 0
pread64(3, "\177ELF\2\1\1\0\0\0\0\0\0\0\0\0\3\0\267\0\1\0\0\0\0003\0\0\0\0\0\0"..., 64, 0) = 64
mmap(NULL, 4096, PROT_READ, MAP_PRIVATE, 3, 0) = 0x7f9a23b000
mmap(NULL, 266240, PROT_NONE, MAP_PRIVATE|MAP_ANONYMOUS, -1, 0) = 0x7f99e9a000
mmap(0x7f99e9a000, 193358, PROT_READ|PROT_EXEC, MAP_PRIVATE|MAP_FIXED, 3, 0) = 0x7f99e9a000
mmap(0x7f99ed9000, 4108, PROT_READ|PROT_WRITE, MAP_PRIVATE|MAP_FIXED, 3, 0x2f000) = 0x7f99ed9000
mmap(NULL, 4096, PROT_READ|PROT_WRITE, MAP_PRIVATE|MAP_ANONYMOUS, 0, 0) = 0x7f99e99000
prctl(PR_SET_VMA, PR_SET_VMA_ANON_NAME, 0x7f99e99000, 4096, "linker_alloc") = 0
munmap(0x7f9a23b000, 4096)              = 0
close(3)                                = 0
openat(AT_FDCWD, "/data/data/com.termux/files/usr/lib/libc.so", O_RDONLY|O_CLOEXEC) = -1 ENOENT (No such file or directory)
openat(AT_FDCWD, "/vendor/lib64/libc.so", O_RDONLY|O_CLOEXEC) = -1 ENOENT (No such file or directory)
openat(AT_FDCWD, "/system/lib64/libc.so", O_RDONLY|O_CLOEXEC) = 3
fstat(3, {st_mode=S_IFREG|0644, st_size=1038528, ...}) = 0
mmap(NULL, 8192, PROT_READ|PROT_WRITE, MAP_PRIVATE|MAP_ANONYMOUS, 0, 0) = 0x7f99e97000
prctl(PR_SET_VMA, PR_SET_VMA_ANON_NAME, 0x7f99e97000, 8192, "linker_alloc_lob") = 0
mmap(NULL, 8192, PROT_READ|PROT_WRITE, MAP_PRIVATE|MAP_ANONYMOUS, 0, 0) = 0x7f99e95000
prctl(PR_SET_VMA, PR_SET_VMA_ANON_NAME, 0x7f99e95000, 8192, "linker_alloc_lob") = 0
prctl(PR_GET_DUMPABLE)                  = 1
prctl(PR_SET_DUMPABLE, 1)               = 0
readlinkat(AT_FDCWD, "/proc/self/fd/3", "/system/lib64/libc.so", 4096) = 21
prctl(PR_SET_DUMPABLE, 1)               = 0
munmap(0x7f99e95000, 8192)              = 0
munmap(0x7f99e97000, 8192)              = 0
pread64(3, "\177ELF\2\1\1\0\0\0\0\0\0\0\0\0\3\0\267\0\1\0\0\0\0\223\1\0\0\0\0\0"..., 64, 0) = 64
mmap(NULL, 4096, PROT_READ, MAP_PRIVATE, 3, 0) = 0x7f9a23b000
mmap(NULL, 962560, PROT_NONE, MAP_PRIVATE|MAP_ANONYMOUS, -1, 0) = 0x7f99dae000
mmap(0x7f99dae000, 796496, PROT_READ|PROT_EXEC, MAP_PRIVATE|MAP_FIXED, 3, 0) = 0x7f99dae000
mmap(0x7f99e81000, 34576, PROT_READ|PROT_WRITE, MAP_PRIVATE|MAP_FIXED, 3, 0xc3000) = 0x7f99e81000
mmap(0x7f99e8a000, 61440, PROT_READ|PROT_WRITE, MAP_PRIVATE|MAP_FIXED|MAP_ANONYMOUS, -1, 0) = 0x7f99e8a000
munmap(0x7f9a23b000, 4096)              = 0
close(3)                                = 0
openat(AT_FDCWD, "/data/data/com.termux/files/usr/lib/libz.so", O_RDONLY|O_CLOEXEC) = 3
fstat(3, {st_mode=S_IFREG|0755, st_size=100240, ...}) = 0
close(3)                                = 0
mmap(NULL, 4096, PROT_READ|PROT_WRITE, MAP_PRIVATE|MAP_ANONYMOUS, 0, 0) = 0x7f9a23b000
prctl(PR_SET_VMA, PR_SET_VMA_ANON_NAME, 0x7f9a23b000, 4096, "linker_alloc_128") = 0
mmap(NULL, 24, PROT_READ|PROT_WRITE, MAP_PRIVATE|MAP_ANONYMOUS, 0, 0) = 0x7f99dad000
prctl(PR_SET_VMA, PR_SET_VMA_ANON_NAME, 0x7f99dad000, 24, "linker_alloc_vector") = 0
munmap(0x7f9a23b000, 4096)              = 0
mmap(NULL, 4096, PROT_READ|PROT_WRITE, MAP_PRIVATE|MAP_ANONYMOUS, 0, 0) = 0x7f9a23b000
prctl(PR_SET_VMA, PR_SET_VMA_ANON_NAME, 0x7f9a23b000, 4096, "linker_alloc_128") = 0
mprotect(0x7f9a1dc000, 28672, PROT_READ) = 0
munmap(0x7f9a23b000, 4096)              = 0
mmap(NULL, 4096, PROT_READ|PROT_WRITE, MAP_PRIVATE|MAP_ANONYMOUS, 0, 0) = 0x7f9a23b000
prctl(PR_SET_VMA, PR_SET_VMA_ANON_NAME, 0x7f9a23b000, 4096, "linker_alloc_128") = 0
mprotect(0x7f9a0f4000, 4096, PROT_READ) = 0
munmap(0x7f9a23b000, 4096)              = 0
mmap(NULL, 4096, PROT_READ|PROT_WRITE, MAP_PRIVATE|MAP_ANONYMOUS, 0, 0) = 0x7f9a23b000
prctl(PR_SET_VMA, PR_SET_VMA_ANON_NAME, 0x7f9a23b000, 4096, "linker_alloc_128") = 0
mprotect(0x7f9a0d9000, 4096, PROT_READ) = 0
munmap(0x7f9a23b000, 4096)              = 0
mprotect(0x7f9a075000, 28672, PROT_READ) = 0
mmap(NULL, 4096, PROT_READ|PROT_WRITE, MAP_PRIVATE|MAP_ANONYMOUS, 0, 0) = 0x7f9a23b000
prctl(PR_SET_VMA, PR_SET_VMA_ANON_NAME, 0x7f9a23b000, 4096, "linker_alloc_128") = 0
mprotect(0x7f99f5e000, 8192, PROT_READ) = 0
munmap(0x7f9a23b000, 4096)              = 0
mmap(NULL, 4096, PROT_READ|PROT_WRITE, MAP_PRIVATE|MAP_ANONYMOUS, 0, 0) = 0x7f9a23b000
prctl(PR_SET_VMA, PR_SET_VMA_ANON_NAME, 0x7f9a23b000, 4096, "linker_alloc_512") = 0
mmap(NULL, 24, PROT_READ|PROT_WRITE, MAP_PRIVATE|MAP_ANONYMOUS, 0, 0) = 0x7f99dac000
prctl(PR_SET_VMA, PR_SET_VMA_ANON_NAME, 0x7f99dac000, 24, "linker_alloc_vector") = 0
mprotect(0x7f99f36000, 4096, PROT_READ) = 0
munmap(0x7f9a23b000, 4096)              = 0
mprotect(0x7f99f0f000, 4096, PROT_READ) = 0
mmap(NULL, 4096, PROT_READ|PROT_WRITE, MAP_PRIVATE|MAP_ANONYMOUS, 0, 0) = 0x7f9a23b000
prctl(PR_SET_VMA, PR_SET_VMA_ANON_NAME, 0x7f9a23b000, 4096, "linker_alloc_128") = 0
mprotect(0x7f99e81000, 24576, PROT_READ) = 0
munmap(0x7f9a23b000, 4096)              = 0
mmap(NULL, 4096, PROT_READ|PROT_WRITE, MAP_PRIVATE|MAP_ANONYMOUS, 0, 0) = 0x7f9a23b000
prctl(PR_SET_VMA, PR_SET_VMA_ANON_NAME, 0x7f9a23b000, 4096, "linker_alloc_128") = 0
munmap(0x7f9a23b000, 4096)              = 0
mprotect(0x7f99e99000, 4096, PROT_READ|PROT_WRITE) = 0
mprotect(0x7f9a242000, 4096, PROT_READ|PROT_WRITE) = 0
mprotect(0x7f9a23c000, 4096, PROT_READ|PROT_WRITE) = 0
openat(AT_FDCWD, "/dev/__properties__", O_RDONLY|O_NOFOLLOW|O_CLOEXEC) = 3
fstat(3, {st_mode=S_IFREG|0444, st_size=131072, ...}) = 0
mmap(NULL, 131072, PROT_READ, MAP_SHARED, 3, 0) = 0x7f99d8c000
close(3)                                = 0
futex(0x7f99e89788, FUTEX_WAKE_PRIVATE, 2147483647) = 0
openat(AT_FDCWD, "/data/data/com.termux/files/usr/lib/libnetd_client.so", O_RDONLY|O_CLOEXEC) = -1 ENOENT (No such file or directory)
openat(AT_FDCWD, "/vendor/lib64/libnetd_client.so", O_RDONLY|O_CLOEXEC) = -1 ENOENT (No such file or directory)
openat(AT_FDCWD, "/system/lib64/libnetd_client.so", O_RDONLY|O_CLOEXEC) = 3
fstat(3, {st_mode=S_IFREG|0644, st_size=9984, ...}) = 0
mmap(NULL, 8192, PROT_READ|PROT_WRITE, MAP_PRIVATE|MAP_ANONYMOUS, 0, 0) = 0x7f99d8a000
prctl(PR_SET_VMA, PR_SET_VMA_ANON_NAME, 0x7f99d8a000, 8192, "linker_alloc_lob") = 0
mmap(NULL, 8192, PROT_READ|PROT_WRITE, MAP_PRIVATE|MAP_ANONYMOUS, 0, 0) = 0x7f99d88000
prctl(PR_SET_VMA, PR_SET_VMA_ANON_NAME, 0x7f99d88000, 8192, "linker_alloc_lob") = 0
prctl(PR_GET_DUMPABLE)                  = 1
prctl(PR_SET_DUMPABLE, 1)               = 0
readlinkat(AT_FDCWD, "/proc/self/fd/3", "/system/lib64/libnetd_client.so", 4096) = 31
prctl(PR_SET_DUMPABLE, 1)               = 0
munmap(0x7f99d88000, 8192)              = 0
munmap(0x7f99d8a000, 8192)              = 0
pread64(3, "\177ELF\2\1\1\0\0\0\0\0\0\0\0\0\3\0\267\0\1\0\0\0\240\f\0\0\0\0\0\0"..., 64, 0) = 64
mmap(NULL, 4096, PROT_READ, MAP_PRIVATE, 3, 0) = 0x7f9a23b000
mmap(NULL, 77824, PROT_NONE, MAP_PRIVATE|MAP_ANONYMOUS, -1, 0) = 0x7f99d79000
mmap(0x7f99d79000, 6488, PROT_READ|PROT_EXEC, MAP_PRIVATE|MAP_FIXED, 3, 0) = 0x7f99d79000
mmap(0x7f99d8a000, 4104, PROT_READ|PROT_WRITE, MAP_PRIVATE|MAP_FIXED, 3, 0x1000) = 0x7f99d8a000
munmap(0x7f9a23b000, 4096)              = 0
close(3)                                = 0
mmap(NULL, 4096, PROT_READ|PROT_WRITE, MAP_PRIVATE|MAP_ANONYMOUS, 0, 0) = 0x7f9a23b000
prctl(PR_SET_VMA, PR_SET_VMA_ANON_NAME, 0x7f9a23b000, 4096, "linker_alloc_128") = 0
mprotect(0x7f99d8a000, 4096, PROT_READ) = 0
munmap(0x7f9a23b000, 4096)              = 0
futex(0x7f99e8c7f8, FUTEX_WAKE_PRIVATE, 2147483647) = 0
brk(NULL)                               = 0x559bcd0000
mmap(NULL, 262144, PROT_READ|PROT_WRITE, MAP_PRIVATE|MAP_ANONYMOUS, -1, 0) = 0x7f99d39000
prctl(PR_SET_VMA, PR_SET_VMA_ANON_NAME, 0x7f99d39000, 262144, "libc_malloc") = 0
munmap(0x7f99d39000, 262144)            = 0
mmap(NULL, 520192, PROT_READ|PROT_WRITE, MAP_PRIVATE|MAP_ANONYMOUS, -1, 0) = 0x7f99cfa000
prctl(PR_SET_VMA, PR_SET_VMA_ANON_NAME, 0x7f99cfa000, 520192, "libc_malloc") = 0
munmap(0x7f99cfa000, 24576)             = 0
munmap(0x7f99d40000, 233472)            = 0
mmap(NULL, 4096, PROT_READ|PROT_WRITE, MAP_PRIVATE|MAP_ANONYMOUS, -1, 0) = 0x7f9a23b000
mprotect(0x7f9a23b000, 4096, PROT_READ) = 0
openat(AT_FDCWD, "/proc/stat", O_RDONLY|O_CLOEXEC) = 3
fstat(3, {st_mode=S_IFREG|0444, st_size=0, ...}) = 0
mmap(NULL, 262144, PROT_READ|PROT_WRITE, MAP_PRIVATE|MAP_ANONYMOUS, -1, 0) = 0x7f99cc0000
prctl(PR_SET_VMA, PR_SET_VMA_ANON_NAME, 0x7f99cc0000, 262144, "libc_malloc") = 0
mmap(NULL, 786432, PROT_READ|PROT_WRITE, MAP_PRIVATE|MAP_ANONYMOUS, -1, 0) = 0x7f99c00000
prctl(PR_SET_VMA, PR_SET_VMA_ANON_NAME, 0x7f99c00000, 786432, "libc_malloc") = 0
mmap(NULL, 786432, PROT_READ|PROT_WRITE, MAP_PRIVATE|MAP_ANONYMOUS, -1, 0) = 0x7f99b40000
prctl(PR_SET_VMA, PR_SET_VMA_ANON_NAME, 0x7f99b40000, 786432, "libc_malloc") = 0
read(3, "cpu  79521 6058 118419 20786921 "..., 1024) = 1024
read(3, " 0 0 0 0 0 0 0 0 0 0 0 0 0 0 0 0"..., 1024) = 1024
read(3, "04\n", 1024)                   = 3
read(3, "", 1024)                       = 0
close(3)                                = 0
futex(0x7f9a1e64e8, FUTEX_WAKE_PRIVATE, 2147483647) = 0
futex(0x7f9a1e64e8, FUTEX_WAKE_PRIVATE, 2147483647) = 0
futex(0x7f9a1e64e8, FUTEX_WAKE_PRIVATE, 2147483647) = 0
futex(0x7f9a1e64e8, FUTEX_WAKE_PRIVATE, 2147483647) = 0
futex(0x7f9a1e64e8, FUTEX_WAKE_PRIVATE, 2147483647) = 0
futex(0x7f9a1e32a0, FUTEX_WAKE_PRIVATE, 2147483647) = 0
futex(0x7f9a1e64e8, FUTEX_WAKE_PRIVATE, 2147483647) = 0
futex(0x7f9a1e64e8, FUTEX_WAKE_PRIVATE, 2147483647) = 0
futex(0x7f9a1e64e8, FUTEX_WAKE_PRIVATE, 2147483647) = 0
futex(0x7f9a1e64e8, FUTEX_WAKE_PRIVATE, 2147483647) = 0
futex(0x7f9a1e64e8, FUTEX_WAKE_PRIVATE, 2147483647) = 0
futex(0x7f9a1e64e8, FUTEX_WAKE_PRIVATE, 2147483647) = 0
futex(0x7f9a1e64e8, FUTEX_WAKE_PRIVATE, 2147483647) = 0
futex(0x7f9a1e64e8, FUTEX_WAKE_PRIVATE, 2147483647) = 0
futex(0x7f9a1e64e8, FUTEX_WAKE_PRIVATE, 2147483647) = 0
futex(0x7f9a1e64e8, FUTEX_WAKE_PRIVATE, 2147483647) = 0
futex(0x7f9a1e64e8, FUTEX_WAKE_PRIVATE, 2147483647) = 0
futex(0x7f9a1e64e8, FUTEX_WAKE_PRIVATE, 2147483647) = 0
futex(0x7f9a1e64e8, FUTEX_WAKE_PRIVATE, 2147483647) = 0
futex(0x7f9a1e64e8, FUTEX_WAKE_PRIVATE, 2147483647) = 0
futex(0x7f9a1e64e8, FUTEX_WAKE_PRIVATE, 2147483647) = 0
futex(0x7f9a1e64e8, FUTEX_WAKE_PRIVATE, 2147483647) = 0
futex(0x7f9a1e64e8, FUTEX_WAKE_PRIVATE, 2147483647) = 0
futex(0x7f9a1e64e8, FUTEX_WAKE_PRIVATE, 2147483647) = 0
futex(0x7f9a1e64e8, FUTEX_WAKE_PRIVATE, 2147483647) = 0
futex(0x7f9a1e64e8, FUTEX_WAKE_PRIVATE, 2147483647) = 0
futex(0x7f9a1e64e8, FUTEX_WAKE_PRIVATE, 2147483647) = 0
futex(0x7f9a1e64e8, FUTEX_WAKE_PRIVATE, 2147483647) = 0
futex(0x7f9a1e64e8, FUTEX_WAKE_PRIVATE, 2147483647) = 0
futex(0x7f9a1e32a0, FUTEX_WAKE_PRIVATE, 2147483647) = 0
futex(0x7f9a1e32a0, FUTEX_WAKE_PRIVATE, 2147483647) = 0
futex(0x7f99e8c938, FUTEX_WAKE_PRIVATE, 2147483647) = 0
mprotect(0x7f9a23b000, 4096, PROT_READ|PROT_WRITE) = 0
mprotect(0x7f9a23b000, 4096, PROT_READ) = 0
mprotect(0x7f9a23b000, 4096, PROT_READ|PROT_WRITE) = 0
mprotect(0x7f9a23b000, 4096, PROT_READ) = 0
mprotect(0x7f9a23b000, 4096, PROT_READ|PROT_WRITE) = 0
mprotect(0x7f9a23b000, 4096, PROT_READ) = 0
mprotect(0x7f9a23b000, 4096, PROT_READ|PROT_WRITE) = 0
mprotect(0x7f9a23b000, 4096, PROT_READ) = 0
mprotect(0x7f9a23b000, 4096, PROT_READ|PROT_WRITE) = 0
mprotect(0x7f9a23b000, 4096, PROT_READ) = 0
mprotect(0x7f99e99000, 4096, PROT_READ) = 0
mprotect(0x7f9a242000, 4096, PROT_READ) = 0
mprotect(0x7f9a23c000, 4096, PROT_READ) = 0
mprotect(0x7f9a23b000, 4096, PROT_READ|PROT_WRITE) = 0
mprotect(0x7f9a23b000, 4096, PROT_READ) = 0
newfstatat(AT_FDCWD, "/dev/video33", {st_mode=S_IFCHR|0660, st_rdev=makedev(81, 1), ...}, 0) = 0
openat(AT_FDCWD, "/dev/video33", O_RDWR|O_NONBLOCK) = 3
ioctl(3, VIDIOC_QUERYCAP, {driver="msm_vidc_driver", card="msm_venc_8974", bus_info="", version=0.0.1, capabilities=V4L2_CAP_VIDEO_CAPTURE_MPLANE|V4L2_CAP_VIDEO_OUTPUT_MPLANE|V4L2_CAP_STREAMING|0x200000, device_caps=0x200000 /* V4L2_CAP_??? */}) = 0
ioctl(3, VIDIOC_CROPCAP, {type=V4L2_BUF_TYPE_VIDEO_CAPTURE_MPLANE}) = -1 ENOTTY (Not a typewriter)
fstat(1, {st_mode=S_IFCHR|0600, st_rdev=makedev(136, 2), ...}) = 0
ioctl(1, TCGETS, {B38400 opost isig icanon echo ...}) = 0
write(1, "error in cropcap\n", 17)      = 17
ioctl(3, VIDIOC_G_FMT, {type=V4L2_BUF_TYPE_VIDEO_OUTPUT_MPLANE}) = -1 EAGAIN (Try again)
write(2, "VIDIOC_G_FMT error 11, Try again"..., 33) = 33
futex(0x7f99e94bbc, FUTEX_WAKE_PRIVATE, 2147483647) = 0
mprotect(0x7f9a23b000, 4096, PROT_READ|PROT_WRITE) = 0
mprotect(0x7f9a23b000, 4096, PROT_READ) = 0
close(0)                                = 0
close(1)                                = 0
close(2)                                = 0
futex(0x7f99e89780, FUTEX_WAKE_PRIVATE, 2147483647) = 0
mprotect(0x7f9a23b000, 4096, PROT_READ|PROT_WRITE) = 0
mprotect(0x7f9a23b000, 4096, PROT_READ) = 0
mprotect(0x7f9a23b000, 4096, PROT_READ|PROT_WRITE) = 0
mprotect(0x7f9a23b000, 4096, PROT_READ) = 0
mprotect(0x7f9a23b000, 4096, PROT_READ|PROT_WRITE) = 0
mprotect(0x7f9a23b000, 4096, PROT_READ) = 0
mprotect(0x7f9a23b000, 4096, PROT_READ|PROT_WRITE) = 0
mprotect(0x7f9a23b000, 4096, PROT_READ) = 0
mprotect(0x7f9a23b000, 4096, PROT_READ|PROT_WRITE) = 0
mprotect(0x7f9a23b000, 4096, PROT_READ) = 0
mprotect(0x7f9a23b000, 4096, PROT_READ|PROT_WRITE) = 0
mprotect(0x7f9a23b000, 4096, PROT_READ) = 0
munmap(0x7f9a23b000, 4096)              = 0
exit_group(1)                           = ?
+++ exited with 1 +++
