execve("./capture", ["./capture"], [/* 25 vars */]) = 0
mprotect(0x7fb67dd000, 4096, PROT_READ) = 0
set_tid_address(0x7fb67e0028)           = 3684
mmap(NULL, 20480, PROT_READ|PROT_WRITE, MAP_PRIVATE|MAP_ANONYMOUS, -1, 0) = 0x7fb67d6000
mprotect(0x7fb67d6000, 4096, PROT_NONE) = 0
sigaltstack({ss_sp=0x7fb67d7000, ss_flags=0, ss_size=16384}, NULL) = 0
prctl(PR_SET_VMA, PR_SET_VMA_ANON_NAME, 0x7fb67d7000, 16384, "thread signal stack") = 0
mmap(NULL, 4096, PROT_READ|PROT_WRITE, MAP_PRIVATE|MAP_ANONYMOUS, -1, 0) = 0x7fb67d5000
mprotect(0x7fb67d5000, 4096, PROT_READ) = 0
mprotect(0x7fb67d5000, 4096, PROT_READ|PROT_WRITE) = 0
mprotect(0x7fb67d5000, 4096, PROT_READ) = 0
mprotect(0x7fb67d5000, 4096, PROT_READ|PROT_WRITE) = 0
mprotect(0x7fb67d5000, 4096, PROT_READ) = 0
mprotect(0x7fb67d5000, 4096, PROT_READ|PROT_WRITE) = 0
mprotect(0x7fb67d5000, 4096, PROT_READ) = 0
mprotect(0x7fb67d5000, 4096, PROT_READ|PROT_WRITE) = 0
mprotect(0x7fb67d5000, 4096, PROT_READ) = 0
mprotect(0x7fb67d5000, 4096, PROT_READ|PROT_WRITE) = 0
mprotect(0x7fb67d5000, 4096, PROT_READ) = 0
mprotect(0x7fb67d5000, 4096, PROT_READ|PROT_WRITE) = 0
mprotect(0x7fb67d5000, 4096, PROT_READ) = 0
openat(AT_FDCWD, "/dev/__properties__", O_RDONLY|O_NOFOLLOW|O_CLOEXEC) = 3
fstat(3, {st_mode=S_IFREG|0444, st_size=131072, ...}) = 0
mmap(NULL, 131072, PROT_READ, MAP_SHARED, 3, 0) = 0x7fb6779000
close(3)                                = 0
rt_sigaction(SIGABRT, {0x7fb679bb64, [], SA_RESTART|SA_SIGINFO|SA_ONSTACK}, NULL, 8) = 0
rt_sigaction(SIGBUS, {0x7fb679bb64, [], SA_RESTART|SA_SIGINFO|SA_ONSTACK}, NULL, 8) = 0
rt_sigaction(SIGFPE, {0x7fb679bb64, [], SA_RESTART|SA_SIGINFO|SA_ONSTACK}, NULL, 8) = 0
rt_sigaction(SIGILL, {0x7fb679bb64, [], SA_RESTART|SA_SIGINFO|SA_ONSTACK}, NULL, 8) = 0
rt_sigaction(SIGPIPE, {0x7fb679bb64, [], SA_RESTART|SA_SIGINFO|SA_ONSTACK}, NULL, 8) = 0
rt_sigaction(SIGSEGV, {0x7fb679bb64, [], SA_RESTART|SA_SIGINFO|SA_ONSTACK}, NULL, 8) = 0
rt_sigaction(SIGSTKFLT, {0x7fb679bb64, [], SA_RESTART|SA_SIGINFO|SA_ONSTACK}, NULL, 8) = 0
rt_sigaction(SIGTRAP, {0x7fb679bb64, [], SA_RESTART|SA_SIGINFO|SA_ONSTACK}, NULL, 8) = 0
mmap(NULL, 4096, PROT_READ|PROT_WRITE, MAP_PRIVATE|MAP_ANONYMOUS, 0, 0) = 0x7fb67d4000
prctl(PR_SET_VMA, PR_SET_VMA_ANON_NAME, 0x7fb67d4000, 4096, "linker_alloc") = 0
mmap(NULL, 4096, PROT_READ|PROT_WRITE, MAP_PRIVATE|MAP_ANONYMOUS, 0, 0) = 0x7fb67d3000
prctl(PR_SET_VMA, PR_SET_VMA_ANON_NAME, 0x7fb67d3000, 4096, "linker_alloc_64") = 0
mmap(NULL, 24, PROT_READ|PROT_WRITE, MAP_PRIVATE|MAP_ANONYMOUS, 0, 0) = 0x7fb67d2000
prctl(PR_SET_VMA, PR_SET_VMA_ANON_NAME, 0x7fb67d2000, 24, "linker_alloc_vector") = 0
mmap(NULL, 4096, PROT_READ|PROT_WRITE, MAP_PRIVATE|MAP_ANONYMOUS, 0, 0) = 0x7fb67d1000
prctl(PR_SET_VMA, PR_SET_VMA_ANON_NAME, 0x7fb67d1000, 4096, "linker_alloc_32") = 0
mmap(NULL, 24, PROT_READ|PROT_WRITE, MAP_PRIVATE|MAP_ANONYMOUS, 0, 0) = 0x7fb67d0000
prctl(PR_SET_VMA, PR_SET_VMA_ANON_NAME, 0x7fb67d0000, 24, "linker_alloc_vector") = 0
mmap(NULL, 4096, PROT_READ|PROT_WRITE, MAP_PRIVATE|MAP_ANONYMOUS, 0, 0) = 0x7fb67cf000
prctl(PR_SET_VMA, PR_SET_VMA_ANON_NAME, 0x7fb67cf000, 4096, "linker_alloc") = 0
mmap(NULL, 4096, PROT_READ|PROT_WRITE, MAP_PRIVATE|MAP_ANONYMOUS, 0, 0) = 0x7fb67ce000
prctl(PR_SET_VMA, PR_SET_VMA_ANON_NAME, 0x7fb67ce000, 4096, "linker_alloc") = 0
openat(AT_FDCWD, "/data/data/com.termux/files/usr/lib/libc++.so", O_RDONLY|O_CLOEXEC) = -1 ENOENT (No such file or directory)
openat(AT_FDCWD, "/vendor/lib64/libc++.so", O_RDONLY|O_CLOEXEC) = -1 ENOENT (No such file or directory)
openat(AT_FDCWD, "/system/lib64/libc++.so", O_RDONLY|O_CLOEXEC) = 3
fstat(3, {st_mode=S_IFREG|0644, st_size=944152, ...}) = 0
mmap(NULL, 8192, PROT_READ|PROT_WRITE, MAP_PRIVATE|MAP_ANONYMOUS, 0, 0) = 0x7fb6777000
prctl(PR_SET_VMA, PR_SET_VMA_ANON_NAME, 0x7fb6777000, 8192, "linker_alloc_lob") = 0
mmap(NULL, 8192, PROT_READ|PROT_WRITE, MAP_PRIVATE|MAP_ANONYMOUS, 0, 0) = 0x7fb6775000
prctl(PR_SET_VMA, PR_SET_VMA_ANON_NAME, 0x7fb6775000, 8192, "linker_alloc_lob") = 0
futex(0x7fb67e283c, FUTEX_WAKE_PRIVATE, 2147483647) = 0
prctl(PR_GET_DUMPABLE)                  = 1
prctl(PR_SET_DUMPABLE, 1)               = 0
readlinkat(AT_FDCWD, "/proc/self/fd/3", "/system/lib64/libc++.so", 4096) = 23
prctl(PR_SET_DUMPABLE, 1)               = 0
munmap(0x7fb6775000, 8192)              = 0
munmap(0x7fb6777000, 8192)              = 0
pread64(3, "\177ELF\2\1\1\0\0\0\0\0\0\0\0\0\3\0\267\0\1\0\0\0\20\341\3\0\0\0\0\0"..., 64, 0) = 64
mmap(NULL, 4096, PROT_READ, MAP_PRIVATE, 3, 0) = 0x7fb67cd000
mmap(NULL, 987136, PROT_NONE, MAP_PRIVATE|MAP_ANONYMOUS, -1, 0) = 0x7fb6688000
mmap(0x7fb6688000, 877868, PROT_READ|PROT_EXEC, MAP_PRIVATE|MAP_FIXED, 3, 0) = 0x7fb6688000
mmap(0x7fb676e000, 28728, PROT_READ|PROT_WRITE, MAP_PRIVATE|MAP_FIXED, 3, 0xdf000) = 0x7fb676e000
mmap(0x7fb6776000, 12288, PROT_READ|PROT_WRITE, MAP_PRIVATE|MAP_FIXED|MAP_ANONYMOUS, -1, 0) = 0x7fb6776000
munmap(0x7fb67cd000, 4096)              = 0
close(3)                                = 0
openat(AT_FDCWD, "/data/data/com.termux/files/usr/lib/liblog.so", O_RDONLY|O_CLOEXEC) = -1 ENOENT (No such file or directory)
openat(AT_FDCWD, "/vendor/lib64/liblog.so", O_RDONLY|O_CLOEXEC) = -1 ENOENT (No such file or directory)
openat(AT_FDCWD, "/system/lib64/liblog.so", O_RDONLY|O_CLOEXEC) = 3
fstat(3, {st_mode=S_IFREG|0644, st_size=42896, ...}) = 0
mmap(NULL, 8192, PROT_READ|PROT_WRITE, MAP_PRIVATE|MAP_ANONYMOUS, 0, 0) = 0x7fb6686000
prctl(PR_SET_VMA, PR_SET_VMA_ANON_NAME, 0x7fb6686000, 8192, "linker_alloc_lob") = 0
mmap(NULL, 8192, PROT_READ|PROT_WRITE, MAP_PRIVATE|MAP_ANONYMOUS, 0, 0) = 0x7fb6684000
prctl(PR_SET_VMA, PR_SET_VMA_ANON_NAME, 0x7fb6684000, 8192, "linker_alloc_lob") = 0
prctl(PR_GET_DUMPABLE)                  = 1
prctl(PR_SET_DUMPABLE, 1)               = 0
readlinkat(AT_FDCWD, "/proc/self/fd/3", "/system/lib64/liblog.so", 4096) = 23
prctl(PR_SET_DUMPABLE, 1)               = 0
munmap(0x7fb6684000, 8192)              = 0
munmap(0x7fb6686000, 8192)              = 0
pread64(3, "\177ELF\2\1\1\0\0\0\0\0\0\0\0\0\3\0\267\0\1\0\0\0\360(\0\0\0\0\0\0"..., 64, 0) = 64
mmap(NULL, 4096, PROT_READ, MAP_PRIVATE, 3, 0) = 0x7fb67cd000
mmap(NULL, 110592, PROT_NONE, MAP_PRIVATE|MAP_ANONYMOUS, -1, 0) = 0x7fb666d000
mmap(0x7fb666d000, 35704, PROT_READ|PROT_EXEC, MAP_PRIVATE|MAP_FIXED, 3, 0) = 0x7fb666d000
mmap(0x7fb6686000, 4196, PROT_READ|PROT_WRITE, MAP_PRIVATE|MAP_FIXED, 3, 0x9000) = 0x7fb6686000
munmap(0x7fb67cd000, 4096)              = 0
close(3)                                = 0
openat(AT_FDCWD, "/data/data/com.termux/files/usr/lib/libm.so", O_RDONLY|O_CLOEXEC) = -1 ENOENT (No such file or directory)
openat(AT_FDCWD, "/vendor/lib64/libm.so", O_RDONLY|O_CLOEXEC) = -1 ENOENT (No such file or directory)
openat(AT_FDCWD, "/system/lib64/libm.so", O_RDONLY|O_CLOEXEC) = 3
fstat(3, {st_mode=S_IFREG|0644, st_size=235696, ...}) = 0
mmap(NULL, 8192, PROT_READ|PROT_WRITE, MAP_PRIVATE|MAP_ANONYMOUS, 0, 0) = 0x7fb666b000
prctl(PR_SET_VMA, PR_SET_VMA_ANON_NAME, 0x7fb666b000, 8192, "linker_alloc_lob") = 0
mmap(NULL, 8192, PROT_READ|PROT_WRITE, MAP_PRIVATE|MAP_ANONYMOUS, 0, 0) = 0x7fb6669000
prctl(PR_SET_VMA, PR_SET_VMA_ANON_NAME, 0x7fb6669000, 8192, "linker_alloc_lob") = 0
prctl(PR_GET_DUMPABLE)                  = 1
prctl(PR_SET_DUMPABLE, 1)               = 0
readlinkat(AT_FDCWD, "/proc/self/fd/3", "/system/lib64/libm.so", 4096) = 21
prctl(PR_SET_DUMPABLE, 1)               = 0
munmap(0x7fb6669000, 8192)              = 0
munmap(0x7fb666b000, 8192)              = 0
pread64(3, "\177ELF\2\1\1\0\0\0\0\0\0\0\0\0\3\0\267\0\1\0\0\0\240A\0\0\0\0\0\0"..., 64, 0) = 64
mmap(NULL, 4096, PROT_READ, MAP_PRIVATE, 3, 0) = 0x7fb67cd000
mmap(NULL, 303104, PROT_NONE, MAP_PRIVATE|MAP_ANONYMOUS, -1, 0) = 0x7fb6623000
mmap(0x7fb6623000, 230848, PROT_READ|PROT_EXEC, MAP_PRIVATE|MAP_FIXED, 3, 0) = 0x7fb6623000
mmap(0x7fb666b000, 4488, PROT_READ|PROT_WRITE, MAP_PRIVATE|MAP_FIXED, 3, 0x38000) = 0x7fb666b000
munmap(0x7fb67cd000, 4096)              = 0
close(3)                                = 0
openat(AT_FDCWD, "/data/data/com.termux/files/usr/lib/libgnustl_shared.so", O_RDONLY|O_CLOEXEC) = 3
fstat(3, {st_mode=S_IFREG|0644, st_size=1096016, ...}) = 0
mmap(NULL, 8192, PROT_READ|PROT_WRITE, MAP_PRIVATE|MAP_ANONYMOUS, 0, 0) = 0x7fb6621000
prctl(PR_SET_VMA, PR_SET_VMA_ANON_NAME, 0x7fb6621000, 8192, "linker_alloc_lob") = 0
mmap(NULL, 8192, PROT_READ|PROT_WRITE, MAP_PRIVATE|MAP_ANONYMOUS, 0, 0) = 0x7fb661f000
prctl(PR_SET_VMA, PR_SET_VMA_ANON_NAME, 0x7fb661f000, 8192, "linker_alloc_lob") = 0
prctl(PR_GET_DUMPABLE)                  = 1
prctl(PR_SET_DUMPABLE, 1)               = 0
readlinkat(AT_FDCWD, "/proc/self/fd/3", "/system/comma/usr/lib/libgnustl_"..., 4096) = 41
prctl(PR_SET_DUMPABLE, 1)               = 0
munmap(0x7fb661f000, 8192)              = 0
munmap(0x7fb6621000, 8192)              = 0
pread64(3, "\177ELF\2\1\1\0\0\0\0\0\0\0\0\0\3\0\267\0\1\0\0\0\320\275\5\0\0\0\0\0"..., 64, 0) = 64
mmap(NULL, 4096, PROT_READ, MAP_PRIVATE, 3, 0) = 0x7fb67cd000
mmap(NULL, 1245184, PROT_NONE, MAP_PRIVATE|MAP_ANONYMOUS, -1, 0) = 0x7fb64f3000
mmap(0x7fb64f3000, 1063732, PROT_READ|PROT_EXEC, MAP_PRIVATE|MAP_FIXED, 3, 0) = 0x7fb64f3000
mmap(0x7fb6607000, 29456, PROT_READ|PROT_WRITE, MAP_PRIVATE|MAP_FIXED, 3, 0x104000) = 0x7fb6607000
mmap(0x7fb660f000, 81920, PROT_READ|PROT_WRITE, MAP_PRIVATE|MAP_FIXED|MAP_ANONYMOUS, -1, 0) = 0x7fb660f000
munmap(0x7fb67cd000, 4096)              = 0
close(3)                                = 0
openat(AT_FDCWD, "/data/data/com.termux/files/usr/lib/libcutils.so", O_RDONLY|O_CLOEXEC) = -1 ENOENT (No such file or directory)
openat(AT_FDCWD, "/vendor/lib64/libcutils.so", O_RDONLY|O_CLOEXEC) = -1 ENOENT (No such file or directory)
openat(AT_FDCWD, "/system/lib64/libcutils.so", O_RDONLY|O_CLOEXEC) = 3
fstat(3, {st_mode=S_IFREG|0644, st_size=100320, ...}) = 0
mmap(NULL, 8192, PROT_READ|PROT_WRITE, MAP_PRIVATE|MAP_ANONYMOUS, 0, 0) = 0x7fb64f1000
prctl(PR_SET_VMA, PR_SET_VMA_ANON_NAME, 0x7fb64f1000, 8192, "linker_alloc_lob") = 0
mmap(NULL, 8192, PROT_READ|PROT_WRITE, MAP_PRIVATE|MAP_ANONYMOUS, 0, 0) = 0x7fb64ef000
prctl(PR_SET_VMA, PR_SET_VMA_ANON_NAME, 0x7fb64ef000, 8192, "linker_alloc_lob") = 0
prctl(PR_GET_DUMPABLE)                  = 1
prctl(PR_SET_DUMPABLE, 1)               = 0
readlinkat(AT_FDCWD, "/proc/self/fd/3", "/system/lib64/libcutils.so", 4096) = 26
prctl(PR_SET_DUMPABLE, 1)               = 0
munmap(0x7fb64ef000, 8192)              = 0
munmap(0x7fb64f1000, 8192)              = 0
pread64(3, "\177ELF\2\1\1\0\0\0\0\0\0\0\0\0\3\0\267\0\1\0\0\0\300b\0\0\0\0\0\0"..., 64, 0) = 64
mmap(NULL, 4096, PROT_READ, MAP_PRIVATE, 3, 0) = 0x7fb67cd000
mmap(NULL, 167936, PROT_NONE, MAP_PRIVATE|MAP_ANONYMOUS, -1, 0) = 0x7fb64ca000
mmap(0x7fb64ca000, 91088, PROT_READ|PROT_EXEC, MAP_PRIVATE|MAP_FIXED, 3, 0) = 0x7fb64ca000
mmap(0x7fb64f0000, 8364, PROT_READ|PROT_WRITE, MAP_PRIVATE|MAP_FIXED, 3, 0x16000) = 0x7fb64f0000
munmap(0x7fb67cd000, 4096)              = 0
close(3)                                = 0
openat(AT_FDCWD, "/data/data/com.termux/files/usr/lib/libz.so.1", O_RDONLY|O_CLOEXEC) = 3
fstat(3, {st_mode=S_IFREG|0755, st_size=100240, ...}) = 0
mmap(NULL, 8192, PROT_READ|PROT_WRITE, MAP_PRIVATE|MAP_ANONYMOUS, 0, 0) = 0x7fb64c8000
prctl(PR_SET_VMA, PR_SET_VMA_ANON_NAME, 0x7fb64c8000, 8192, "linker_alloc_lob") = 0
mmap(NULL, 8192, PROT_READ|PROT_WRITE, MAP_PRIVATE|MAP_ANONYMOUS, 0, 0) = 0x7fb64c6000
prctl(PR_SET_VMA, PR_SET_VMA_ANON_NAME, 0x7fb64c6000, 8192, "linker_alloc_lob") = 0
prctl(PR_GET_DUMPABLE)                  = 1
prctl(PR_SET_DUMPABLE, 1)               = 0
readlinkat(AT_FDCWD, "/proc/self/fd/3", "/system/comma/usr/lib/libz.so.1."..., 4096) = 35
prctl(PR_SET_DUMPABLE, 1)               = 0
munmap(0x7fb64c6000, 8192)              = 0
munmap(0x7fb64c8000, 8192)              = 0
pread64(3, "\177ELF\2\1\1\0\0\0\0\0\0\0\0\0\3\0\267\0\1\0\0\0\200\33\0\0\0\0\0\0"..., 64, 0) = 64
mmap(NULL, 4096, PROT_READ, MAP_PRIVATE, 3, 0) = 0x7fb67cd000
mmap(NULL, 159744, PROT_NONE, MAP_PRIVATE|MAP_ANONYMOUS, -1, 0) = 0x7fb64a3000
mmap(0x7fb64a3000, 87864, PROT_READ|PROT_EXEC, MAP_PRIVATE|MAP_FIXED, 3, 0) = 0x7fb64a3000
mmap(0x7fb64c8000, 4200, PROT_READ|PROT_WRITE, MAP_PRIVATE|MAP_FIXED, 3, 0x15000) = 0x7fb64c8000
munmap(0x7fb67cd000, 4096)              = 0
close(3)                                = 0
openat(AT_FDCWD, "/data/data/com.termux/files/usr/lib/libpng16.so", O_RDONLY|O_CLOEXEC) = 3
fstat(3, {st_mode=S_IFREG|0755, st_size=152968, ...}) = 0
mmap(NULL, 8192, PROT_READ|PROT_WRITE, MAP_PRIVATE|MAP_ANONYMOUS, 0, 0) = 0x7fb64a1000
prctl(PR_SET_VMA, PR_SET_VMA_ANON_NAME, 0x7fb64a1000, 8192, "linker_alloc_lob") = 0
mmap(NULL, 8192, PROT_READ|PROT_WRITE, MAP_PRIVATE|MAP_ANONYMOUS, 0, 0) = 0x7fb649f000
prctl(PR_SET_VMA, PR_SET_VMA_ANON_NAME, 0x7fb649f000, 8192, "linker_alloc_lob") = 0
prctl(PR_GET_DUMPABLE)                  = 1
prctl(PR_SET_DUMPABLE, 1)               = 0
readlinkat(AT_FDCWD, "/proc/self/fd/3", "/system/comma/usr/lib/libpng16.s"..., 4096) = 33
prctl(PR_SET_DUMPABLE, 1)               = 0
munmap(0x7fb649f000, 8192)              = 0
munmap(0x7fb64a1000, 8192)              = 0
pread64(3, "\177ELF\2\1\1\0\0\0\0\0\0\0\0\0\3\0\267\0\1\0\0\0pC\0\0\0\0\0\0"..., 64, 0) = 64
mmap(NULL, 4096, PROT_READ, MAP_PRIVATE, 3, 0) = 0x7fb67cd000
mmap(NULL, 221184, PROT_NONE, MAP_PRIVATE|MAP_ANONYMOUS, -1, 0) = 0x7fb646d000
mmap(0x7fb646d000, 146968, PROT_READ|PROT_EXEC, MAP_PRIVATE|MAP_FIXED, 3, 0) = 0x7fb646d000
mmap(0x7fb64a1000, 4104, PROT_READ|PROT_WRITE, MAP_PRIVATE|MAP_FIXED, 3, 0x24000) = 0x7fb64a1000
munmap(0x7fb67cd000, 4096)              = 0
close(3)                                = 0
openat(AT_FDCWD, "/data/data/com.termux/files/usr/lib/libjpeg.so", O_RDONLY|O_CLOEXEC) = 3
fstat(3, {st_mode=S_IFREG|0755, st_size=197952, ...}) = 0
mmap(NULL, 8192, PROT_READ|PROT_WRITE, MAP_PRIVATE|MAP_ANONYMOUS, 0, 0) = 0x7fb646b000
prctl(PR_SET_VMA, PR_SET_VMA_ANON_NAME, 0x7fb646b000, 8192, "linker_alloc_lob") = 0
mmap(NULL, 8192, PROT_READ|PROT_WRITE, MAP_PRIVATE|MAP_ANONYMOUS, 0, 0) = 0x7fb6469000
prctl(PR_SET_VMA, PR_SET_VMA_ANON_NAME, 0x7fb6469000, 8192, "linker_alloc_lob") = 0
prctl(PR_GET_DUMPABLE)                  = 1
prctl(PR_SET_DUMPABLE, 1)               = 0
readlinkat(AT_FDCWD, "/proc/self/fd/3", "/system/comma/usr/lib/libjpeg.so", 4096) = 32
prctl(PR_SET_DUMPABLE, 1)               = 0
munmap(0x7fb6469000, 8192)              = 0
munmap(0x7fb646b000, 8192)              = 0
pread64(3, "\177ELF\2\1\1\0\0\0\0\0\0\0\0\0\3\0\267\0\1\0\0\0\0003\0\0\0\0\0\0"..., 64, 0) = 64
mmap(NULL, 4096, PROT_READ, MAP_PRIVATE, 3, 0) = 0x7fb67cd000
mmap(NULL, 266240, PROT_NONE, MAP_PRIVATE|MAP_ANONYMOUS, -1, 0) = 0x7fb642c000
mmap(0x7fb642c000, 193358, PROT_READ|PROT_EXEC, MAP_PRIVATE|MAP_FIXED, 3, 0) = 0x7fb642c000
mmap(0x7fb646b000, 4108, PROT_READ|PROT_WRITE, MAP_PRIVATE|MAP_FIXED, 3, 0x2f000) = 0x7fb646b000
mmap(NULL, 4096, PROT_READ|PROT_WRITE, MAP_PRIVATE|MAP_ANONYMOUS, 0, 0) = 0x7fb642b000
prctl(PR_SET_VMA, PR_SET_VMA_ANON_NAME, 0x7fb642b000, 4096, "linker_alloc") = 0
munmap(0x7fb67cd000, 4096)              = 0
close(3)                                = 0
openat(AT_FDCWD, "/data/data/com.termux/files/usr/lib/libc.so", O_RDONLY|O_CLOEXEC) = -1 ENOENT (No such file or directory)
openat(AT_FDCWD, "/vendor/lib64/libc.so", O_RDONLY|O_CLOEXEC) = -1 ENOENT (No such file or directory)
openat(AT_FDCWD, "/system/lib64/libc.so", O_RDONLY|O_CLOEXEC) = 3
fstat(3, {st_mode=S_IFREG|0644, st_size=1038528, ...}) = 0
mmap(NULL, 8192, PROT_READ|PROT_WRITE, MAP_PRIVATE|MAP_ANONYMOUS, 0, 0) = 0x7fb6429000
prctl(PR_SET_VMA, PR_SET_VMA_ANON_NAME, 0x7fb6429000, 8192, "linker_alloc_lob") = 0
mmap(NULL, 8192, PROT_READ|PROT_WRITE, MAP_PRIVATE|MAP_ANONYMOUS, 0, 0) = 0x7fb6427000
prctl(PR_SET_VMA, PR_SET_VMA_ANON_NAME, 0x7fb6427000, 8192, "linker_alloc_lob") = 0
prctl(PR_GET_DUMPABLE)                  = 1
prctl(PR_SET_DUMPABLE, 1)               = 0
readlinkat(AT_FDCWD, "/proc/self/fd/3", "/system/lib64/libc.so", 4096) = 21
prctl(PR_SET_DUMPABLE, 1)               = 0
munmap(0x7fb6427000, 8192)              = 0
munmap(0x7fb6429000, 8192)              = 0
pread64(3, "\177ELF\2\1\1\0\0\0\0\0\0\0\0\0\3\0\267\0\1\0\0\0\0\223\1\0\0\0\0\0"..., 64, 0) = 64
mmap(NULL, 4096, PROT_READ, MAP_PRIVATE, 3, 0) = 0x7fb67cd000
mmap(NULL, 962560, PROT_NONE, MAP_PRIVATE|MAP_ANONYMOUS, -1, 0) = 0x7fb6340000
mmap(0x7fb6340000, 796496, PROT_READ|PROT_EXEC, MAP_PRIVATE|MAP_FIXED, 3, 0) = 0x7fb6340000
mmap(0x7fb6413000, 34576, PROT_READ|PROT_WRITE, MAP_PRIVATE|MAP_FIXED, 3, 0xc3000) = 0x7fb6413000
mmap(0x7fb641c000, 61440, PROT_READ|PROT_WRITE, MAP_PRIVATE|MAP_FIXED|MAP_ANONYMOUS, -1, 0) = 0x7fb641c000
munmap(0x7fb67cd000, 4096)              = 0
close(3)                                = 0
openat(AT_FDCWD, "/data/data/com.termux/files/usr/lib/libz.so", O_RDONLY|O_CLOEXEC) = 3
fstat(3, {st_mode=S_IFREG|0755, st_size=100240, ...}) = 0
close(3)                                = 0
mmap(NULL, 4096, PROT_READ|PROT_WRITE, MAP_PRIVATE|MAP_ANONYMOUS, 0, 0) = 0x7fb67cd000
prctl(PR_SET_VMA, PR_SET_VMA_ANON_NAME, 0x7fb67cd000, 4096, "linker_alloc_128") = 0
mmap(NULL, 24, PROT_READ|PROT_WRITE, MAP_PRIVATE|MAP_ANONYMOUS, 0, 0) = 0x7fb633f000
prctl(PR_SET_VMA, PR_SET_VMA_ANON_NAME, 0x7fb633f000, 24, "linker_alloc_vector") = 0
munmap(0x7fb67cd000, 4096)              = 0
mmap(NULL, 4096, PROT_READ|PROT_WRITE, MAP_PRIVATE|MAP_ANONYMOUS, 0, 0) = 0x7fb67cd000
prctl(PR_SET_VMA, PR_SET_VMA_ANON_NAME, 0x7fb67cd000, 4096, "linker_alloc_128") = 0
mprotect(0x7fb676e000, 28672, PROT_READ) = 0
munmap(0x7fb67cd000, 4096)              = 0
mmap(NULL, 4096, PROT_READ|PROT_WRITE, MAP_PRIVATE|MAP_ANONYMOUS, 0, 0) = 0x7fb67cd000
prctl(PR_SET_VMA, PR_SET_VMA_ANON_NAME, 0x7fb67cd000, 4096, "linker_alloc_128") = 0
mprotect(0x7fb6686000, 4096, PROT_READ) = 0
munmap(0x7fb67cd000, 4096)              = 0
mmap(NULL, 4096, PROT_READ|PROT_WRITE, MAP_PRIVATE|MAP_ANONYMOUS, 0, 0) = 0x7fb67cd000
prctl(PR_SET_VMA, PR_SET_VMA_ANON_NAME, 0x7fb67cd000, 4096, "linker_alloc_128") = 0
mprotect(0x7fb666b000, 4096, PROT_READ) = 0
munmap(0x7fb67cd000, 4096)              = 0
mprotect(0x7fb6607000, 28672, PROT_READ) = 0
mmap(NULL, 4096, PROT_READ|PROT_WRITE, MAP_PRIVATE|MAP_ANONYMOUS, 0, 0) = 0x7fb67cd000
prctl(PR_SET_VMA, PR_SET_VMA_ANON_NAME, 0x7fb67cd000, 4096, "linker_alloc_128") = 0
mprotect(0x7fb64f0000, 8192, PROT_READ) = 0
munmap(0x7fb67cd000, 4096)              = 0
mmap(NULL, 4096, PROT_READ|PROT_WRITE, MAP_PRIVATE|MAP_ANONYMOUS, 0, 0) = 0x7fb67cd000
prctl(PR_SET_VMA, PR_SET_VMA_ANON_NAME, 0x7fb67cd000, 4096, "linker_alloc_512") = 0
mmap(NULL, 24, PROT_READ|PROT_WRITE, MAP_PRIVATE|MAP_ANONYMOUS, 0, 0) = 0x7fb633e000
prctl(PR_SET_VMA, PR_SET_VMA_ANON_NAME, 0x7fb633e000, 24, "linker_alloc_vector") = 0
mprotect(0x7fb64c8000, 4096, PROT_READ) = 0
munmap(0x7fb67cd000, 4096)              = 0
mprotect(0x7fb64a1000, 4096, PROT_READ) = 0
mmap(NULL, 4096, PROT_READ|PROT_WRITE, MAP_PRIVATE|MAP_ANONYMOUS, 0, 0) = 0x7fb67cd000
prctl(PR_SET_VMA, PR_SET_VMA_ANON_NAME, 0x7fb67cd000, 4096, "linker_alloc_128") = 0
mprotect(0x7fb6413000, 24576, PROT_READ) = 0
munmap(0x7fb67cd000, 4096)              = 0
mmap(NULL, 4096, PROT_READ|PROT_WRITE, MAP_PRIVATE|MAP_ANONYMOUS, 0, 0) = 0x7fb67cd000
prctl(PR_SET_VMA, PR_SET_VMA_ANON_NAME, 0x7fb67cd000, 4096, "linker_alloc_128") = 0
munmap(0x7fb67cd000, 4096)              = 0
mprotect(0x7fb642b000, 4096, PROT_READ|PROT_WRITE) = 0
mprotect(0x7fb67d4000, 4096, PROT_READ|PROT_WRITE) = 0
mprotect(0x7fb67ce000, 4096, PROT_READ|PROT_WRITE) = 0
openat(AT_FDCWD, "/dev/__properties__", O_RDONLY|O_NOFOLLOW|O_CLOEXEC) = 3
fstat(3, {st_mode=S_IFREG|0444, st_size=131072, ...}) = 0
mmap(NULL, 131072, PROT_READ, MAP_SHARED, 3, 0) = 0x7fb631e000
close(3)                                = 0
futex(0x7fb641b788, FUTEX_WAKE_PRIVATE, 2147483647) = 0
openat(AT_FDCWD, "/data/data/com.termux/files/usr/lib/libnetd_client.so", O_RDONLY|O_CLOEXEC) = -1 ENOENT (No such file or directory)
openat(AT_FDCWD, "/vendor/lib64/libnetd_client.so", O_RDONLY|O_CLOEXEC) = -1 ENOENT (No such file or directory)
openat(AT_FDCWD, "/system/lib64/libnetd_client.so", O_RDONLY|O_CLOEXEC) = 3
fstat(3, {st_mode=S_IFREG|0644, st_size=9984, ...}) = 0
mmap(NULL, 8192, PROT_READ|PROT_WRITE, MAP_PRIVATE|MAP_ANONYMOUS, 0, 0) = 0x7fb631c000
prctl(PR_SET_VMA, PR_SET_VMA_ANON_NAME, 0x7fb631c000, 8192, "linker_alloc_lob") = 0
mmap(NULL, 8192, PROT_READ|PROT_WRITE, MAP_PRIVATE|MAP_ANONYMOUS, 0, 0) = 0x7fb631a000
prctl(PR_SET_VMA, PR_SET_VMA_ANON_NAME, 0x7fb631a000, 8192, "linker_alloc_lob") = 0
prctl(PR_GET_DUMPABLE)                  = 1
prctl(PR_SET_DUMPABLE, 1)               = 0
readlinkat(AT_FDCWD, "/proc/self/fd/3", "/system/lib64/libnetd_client.so", 4096) = 31
prctl(PR_SET_DUMPABLE, 1)               = 0
munmap(0x7fb631a000, 8192)              = 0
munmap(0x7fb631c000, 8192)              = 0
pread64(3, "\177ELF\2\1\1\0\0\0\0\0\0\0\0\0\3\0\267\0\1\0\0\0\240\f\0\0\0\0\0\0"..., 64, 0) = 64
mmap(NULL, 4096, PROT_READ, MAP_PRIVATE, 3, 0) = 0x7fb67cd000
mmap(NULL, 77824, PROT_NONE, MAP_PRIVATE|MAP_ANONYMOUS, -1, 0) = 0x7fb630b000
mmap(0x7fb630b000, 6488, PROT_READ|PROT_EXEC, MAP_PRIVATE|MAP_FIXED, 3, 0) = 0x7fb630b000
mmap(0x7fb631c000, 4104, PROT_READ|PROT_WRITE, MAP_PRIVATE|MAP_FIXED, 3, 0x1000) = 0x7fb631c000
munmap(0x7fb67cd000, 4096)              = 0
close(3)                                = 0
mmap(NULL, 4096, PROT_READ|PROT_WRITE, MAP_PRIVATE|MAP_ANONYMOUS, 0, 0) = 0x7fb67cd000
prctl(PR_SET_VMA, PR_SET_VMA_ANON_NAME, 0x7fb67cd000, 4096, "linker_alloc_128") = 0
mprotect(0x7fb631c000, 4096, PROT_READ) = 0
munmap(0x7fb67cd000, 4096)              = 0
futex(0x7fb641e7f8, FUTEX_WAKE_PRIVATE, 2147483647) = 0
brk(NULL)                               = 0x5590818000
mmap(NULL, 262144, PROT_READ|PROT_WRITE, MAP_PRIVATE|MAP_ANONYMOUS, -1, 0) = 0x7fb62cb000
prctl(PR_SET_VMA, PR_SET_VMA_ANON_NAME, 0x7fb62cb000, 262144, "libc_malloc") = 0
munmap(0x7fb62cb000, 262144)            = 0
mmap(NULL, 520192, PROT_READ|PROT_WRITE, MAP_PRIVATE|MAP_ANONYMOUS, -1, 0) = 0x7fb628c000
prctl(PR_SET_VMA, PR_SET_VMA_ANON_NAME, 0x7fb628c000, 520192, "libc_malloc") = 0
munmap(0x7fb628c000, 212992)            = 0
munmap(0x7fb6300000, 45056)             = 0
mmap(NULL, 4096, PROT_READ|PROT_WRITE, MAP_PRIVATE|MAP_ANONYMOUS, -1, 0) = 0x7fb67cd000
mprotect(0x7fb67cd000, 4096, PROT_READ) = 0
openat(AT_FDCWD, "/proc/stat", O_RDONLY|O_CLOEXEC) = 3
fstat(3, {st_mode=S_IFREG|0444, st_size=0, ...}) = 0
mmap(NULL, 262144, PROT_READ|PROT_WRITE, MAP_PRIVATE|MAP_ANONYMOUS, -1, 0) = 0x7fb6280000
prctl(PR_SET_VMA, PR_SET_VMA_ANON_NAME, 0x7fb6280000, 262144, "libc_malloc") = 0
mmap(NULL, 786432, PROT_READ|PROT_WRITE, MAP_PRIVATE|MAP_ANONYMOUS, -1, 0) = 0x7fb61c0000
prctl(PR_SET_VMA, PR_SET_VMA_ANON_NAME, 0x7fb61c0000, 786432, "libc_malloc") = 0
mmap(NULL, 786432, PROT_READ|PROT_WRITE, MAP_PRIVATE|MAP_ANONYMOUS, -1, 0) = 0x7fb6100000
prctl(PR_SET_VMA, PR_SET_VMA_ANON_NAME, 0x7fb6100000, 786432, "libc_malloc") = 0
read(3, "cpu  63145 4545 95514 16024262 1"..., 1024) = 1024
read(3, " 0 0 0 0 0 0 0 0 0 0 0 0 0 0 0 0"..., 1024) = 1020
read(3, "", 1024)                       = 0
close(3)                                = 0
futex(0x7fb67784e8, FUTEX_WAKE_PRIVATE, 2147483647) = 0
futex(0x7fb67784e8, FUTEX_WAKE_PRIVATE, 2147483647) = 0
futex(0x7fb67784e8, FUTEX_WAKE_PRIVATE, 2147483647) = 0
futex(0x7fb67784e8, FUTEX_WAKE_PRIVATE, 2147483647) = 0
futex(0x7fb67784e8, FUTEX_WAKE_PRIVATE, 2147483647) = 0
futex(0x7fb67752a0, FUTEX_WAKE_PRIVATE, 2147483647) = 0
futex(0x7fb67784e8, FUTEX_WAKE_PRIVATE, 2147483647) = 0
futex(0x7fb67784e8, FUTEX_WAKE_PRIVATE, 2147483647) = 0
futex(0x7fb67784e8, FUTEX_WAKE_PRIVATE, 2147483647) = 0
futex(0x7fb67784e8, FUTEX_WAKE_PRIVATE, 2147483647) = 0
futex(0x7fb67784e8, FUTEX_WAKE_PRIVATE, 2147483647) = 0
futex(0x7fb67784e8, FUTEX_WAKE_PRIVATE, 2147483647) = 0
futex(0x7fb67784e8, FUTEX_WAKE_PRIVATE, 2147483647) = 0
futex(0x7fb67784e8, FUTEX_WAKE_PRIVATE, 2147483647) = 0
futex(0x7fb67784e8, FUTEX_WAKE_PRIVATE, 2147483647) = 0
futex(0x7fb67784e8, FUTEX_WAKE_PRIVATE, 2147483647) = 0
futex(0x7fb67784e8, FUTEX_WAKE_PRIVATE, 2147483647) = 0
futex(0x7fb67784e8, FUTEX_WAKE_PRIVATE, 2147483647) = 0
futex(0x7fb67784e8, FUTEX_WAKE_PRIVATE, 2147483647) = 0
futex(0x7fb67784e8, FUTEX_WAKE_PRIVATE, 2147483647) = 0
futex(0x7fb67784e8, FUTEX_WAKE_PRIVATE, 2147483647) = 0
futex(0x7fb67784e8, FUTEX_WAKE_PRIVATE, 2147483647) = 0
futex(0x7fb67784e8, FUTEX_WAKE_PRIVATE, 2147483647) = 0
futex(0x7fb67784e8, FUTEX_WAKE_PRIVATE, 2147483647) = 0
futex(0x7fb67784e8, FUTEX_WAKE_PRIVATE, 2147483647) = 0
futex(0x7fb67784e8, FUTEX_WAKE_PRIVATE, 2147483647) = 0
futex(0x7fb67784e8, FUTEX_WAKE_PRIVATE, 2147483647) = 0
futex(0x7fb67784e8, FUTEX_WAKE_PRIVATE, 2147483647) = 0
futex(0x7fb67784e8, FUTEX_WAKE_PRIVATE, 2147483647) = 0
futex(0x7fb67752a0, FUTEX_WAKE_PRIVATE, 2147483647) = 0
futex(0x7fb67752a0, FUTEX_WAKE_PRIVATE, 2147483647) = 0
futex(0x7fb641e938, FUTEX_WAKE_PRIVATE, 2147483647) = 0
mprotect(0x7fb67cd000, 4096, PROT_READ|PROT_WRITE) = 0
mprotect(0x7fb67cd000, 4096, PROT_READ) = 0
mprotect(0x7fb67cd000, 4096, PROT_READ|PROT_WRITE) = 0
mprotect(0x7fb67cd000, 4096, PROT_READ) = 0
mprotect(0x7fb67cd000, 4096, PROT_READ|PROT_WRITE) = 0
mprotect(0x7fb67cd000, 4096, PROT_READ) = 0
mprotect(0x7fb67cd000, 4096, PROT_READ|PROT_WRITE) = 0
mprotect(0x7fb67cd000, 4096, PROT_READ) = 0
mprotect(0x7fb67cd000, 4096, PROT_READ|PROT_WRITE) = 0
mprotect(0x7fb67cd000, 4096, PROT_READ) = 0
mprotect(0x7fb642b000, 4096, PROT_READ) = 0
mprotect(0x7fb67d4000, 4096, PROT_READ) = 0
mprotect(0x7fb67ce000, 4096, PROT_READ) = 0
mprotect(0x7fb67cd000, 4096, PROT_READ|PROT_WRITE) = 0
mprotect(0x7fb67cd000, 4096, PROT_READ) = 0
newfstatat(AT_FDCWD, "/dev/video0", {st_mode=S_IFCHR|0660, st_rdev=makedev(81, 2), ...}, 0) = 0
openat(AT_FDCWD, "/dev/video0", O_RDWR|O_NONBLOCK) = 3
ioctl(3, VIDIOC_QUERYCAP, 0x7fe0884758) = -1 ENOTTY (Not a typewriter)
write(2, "VIDIOC_QUERYCAP error 25, Not a "..., 43) = 43
futex(0x7fb6426bbc, FUTEX_WAKE_PRIVATE, 2147483647) = 0
mprotect(0x7fb67cd000, 4096, PROT_READ|PROT_WRITE) = 0
mprotect(0x7fb67cd000, 4096, PROT_READ) = 0
close(0)                                = 0
close(1)                                = 0
close(2)                                = 0
futex(0x7fb641b780, FUTEX_WAKE_PRIVATE, 2147483647) = 0
mprotect(0x7fb67cd000, 4096, PROT_READ|PROT_WRITE) = 0
mprotect(0x7fb67cd000, 4096, PROT_READ) = 0
mprotect(0x7fb67cd000, 4096, PROT_READ|PROT_WRITE) = 0
mprotect(0x7fb67cd000, 4096, PROT_READ) = 0
mprotect(0x7fb67cd000, 4096, PROT_READ|PROT_WRITE) = 0
mprotect(0x7fb67cd000, 4096, PROT_READ) = 0
mprotect(0x7fb67cd000, 4096, PROT_READ|PROT_WRITE) = 0
mprotect(0x7fb67cd000, 4096, PROT_READ) = 0
mprotect(0x7fb67cd000, 4096, PROT_READ|PROT_WRITE) = 0
mprotect(0x7fb67cd000, 4096, PROT_READ) = 0
mprotect(0x7fb67cd000, 4096, PROT_READ|PROT_WRITE) = 0
mprotect(0x7fb67cd000, 4096, PROT_READ) = 0
munmap(0x7fb67cd000, 4096)              = 0
exit_group(1)                           = ?
+++ exited with 1 +++
